2024-11-22 17:52:58,934 - INFO - Loading environment variables...
2024-11-22 17:52:58,950 - ERROR - Failed to load environment variables.
2024-11-22 17:54:12,405 - INFO - Loading environment variables...
2024-11-22 17:54:12,405 - ERROR - Failed to load environment variables.
2024-11-22 17:54:12,405 - INFO - DB_USERNAME: None
2024-11-22 17:54:12,405 - INFO - Initializing database...
2024-11-22 17:54:12,450 - INFO - Inserting user into database...
2024-11-22 17:54:12,482 - ERROR - An unexpected error occurred: duplicate key value violates unique constraint "users_username_key"
DETAIL:  Key (username)=(johndoe) already exists.

2024-11-22 17:54:12,482 - INFO - Backend integration tests completed.
2024-11-22 17:57:34,729 - INFO - Loading environment variables...
2024-11-22 17:57:34,729 - ERROR - Failed to load environment variables.
2024-11-22 17:57:34,729 - INFO - DB_USERNAME: None
2024-11-22 17:57:34,729 - INFO - Initializing database...
2024-11-22 17:57:34,761 - INFO - Inserting user into database...
2024-11-22 17:57:34,800 - INFO - Inserted user with ID: 3
2024-11-22 17:57:34,800 - INFO - Fetching users from database...
2024-11-22 17:57:34,935 - INFO - Users in database:
2024-11-22 17:57:34,935 - INFO - User: (3, 'johndoe', 'johndoe@example.com', datetime.datetime(2024, 11, 22, 16, 49, 36, 862654))
2024-11-22 17:57:34,935 - INFO - Backend integration tests completed.
2024-11-22 17:59:49,822 - INFO - Loading environment variables...
2024-11-22 17:59:49,834 - INFO - Environment variables loaded successfully.
2024-11-22 17:59:49,834 - INFO - DB_USERNAME: postgres
2024-11-22 17:59:49,834 - INFO - Initializing database...
2024-11-22 17:59:49,969 - INFO - Inserting user into database...
2024-11-22 17:59:50,027 - ERROR - An unexpected error occurred: duplicate key value violates unique constraint "users_email_key"
DETAIL:  Key (email)=(johndoe@example.com) already exists.

2024-11-22 17:59:50,027 - INFO - Backend integration tests completed.
2024-11-22 18:02:16,257 - INFO - Loading environment variables...
2024-11-22 18:02:16,257 - INFO - Environment variables loaded successfully.
2024-11-22 18:02:16,257 - INFO - DB_USERNAME: postgres
2024-11-22 18:02:16,257 - INFO - Initializing database...
2024-11-22 18:02:16,398 - INFO - Inserting user into database...
2024-11-22 18:02:16,431 - INFO - Inserted user with ID: 3
2024-11-22 18:02:16,431 - INFO - Fetching users from database...
2024-11-22 18:02:16,462 - INFO - Users in database:
2024-11-22 18:02:16,462 - INFO - User: (3, 'johndoe', 'johndoe@example.com', datetime.datetime(2024, 11, 22, 16, 49, 36, 862654))
2024-11-22 18:02:16,462 - INFO - Backend integration tests completed.
2024-11-22 18:33:15,379 - INFO - Loading environment variables...
2024-11-22 18:33:15,409 - INFO - Environment variables loaded successfully.
2024-11-22 18:33:15,409 - INFO - DB_USERNAME: postgres
2024-11-22 18:33:15,409 - INFO - Initializing database...
2024-11-22 18:33:15,457 - INFO - Inserting user into database...
2024-11-22 18:33:15,505 - INFO - Inserted user with ID: 3
2024-11-22 18:33:15,505 - INFO - Fetching users from database...
2024-11-22 18:33:15,536 - INFO - Users in database:
2024-11-22 18:33:15,536 - INFO - User: (3, 'johndoe', 'johndoe@example.com', datetime.datetime(2024, 11, 22, 16, 49, 36, 862654))
2024-11-22 18:33:15,536 - INFO - Backend integration tests completed.
2024-11-22 18:36:57,906 - INFO - Loading environment variables...
2024-11-22 18:36:57,906 - INFO - Environment variables loaded successfully.
2024-11-22 18:36:57,906 - INFO - DB_USERNAME: postgres
2024-11-22 18:36:57,906 - INFO - Initializing database...
2024-11-22 18:36:57,951 - INFO - Inserting user into database...
2024-11-22 18:36:57,999 - INFO - Inserted user with ID: 3
2024-11-22 18:36:57,999 - INFO - Fetching users from database...
2024-11-22 18:36:58,030 - INFO - Users in database:
2024-11-22 18:36:58,030 - INFO - User: (3, 'johndoe', 'johndoe@example.com', datetime.datetime(2024, 11, 22, 16, 49, 36, 862654))
2024-11-22 18:36:58,030 - INFO - Backend integration tests completed.
