2024-11-22 17:31:48,167 - INFO - Loading environment variables...
2024-11-22 17:31:48,167 - ERROR - An unexpected error occurred: 'EnvManager' object has no attribute 'load_env'
2024-11-22 17:31:48,167 - INFO - Backend integration tests completed.
2024-11-22 17:37:29,131 - INFO - Loading environment variables...
2024-11-22 17:37:29,131 - ERROR - An unexpected error occurred: 'bool' object is not subscriptable
2024-11-22 17:37:29,131 - INFO - Backend integration tests completed.
2024-11-22 17:41:11,108 - INFO - Loading environment variables...
2024-11-22 17:41:11,109 - ERROR - An unexpected error occurred: 'bool' object is not subscriptable
2024-11-22 17:41:11,109 - INFO - Backend integration tests completed.
2024-11-22 17:43:53,553 - INFO - Loading environment variables...
2024-11-22 17:43:53,553 - INFO - Environment variables loaded successfully.
2024-11-22 17:43:53,553 - INFO - DB_USERNAME: postgres
2024-11-22 17:43:53,553 - INFO - Initializing database...
2024-11-22 17:43:53,553 - ERROR - An unexpected error occurred: DatabaseManager.__init__() takes 1 positional argument but 2 were given
2024-11-22 17:43:53,553 - INFO - Backend integration tests completed.
2024-11-22 17:46:49,323 - INFO - Loading environment variables...
2024-11-22 17:46:49,323 - INFO - Environment variables loaded successfully.
2024-11-22 17:46:49,323 - INFO - DB_USERNAME: postgres
2024-11-22 17:46:49,323 - INFO - Initializing database...
2024-11-22 17:46:49,323 - ERROR - An unexpected error occurred: DatabaseManager.__init__() takes 1 positional argument but 2 were given
2024-11-22 17:46:49,323 - INFO - Backend integration tests completed.
